<?xml version="1.0" encoding="UTF-8"?>
<!-- Generated by org.testng.reporters.JUnitReportReporter -->
<testsuite skipped="0" hostname="srigedda" name="com.training.sanity.tests.LoginTests" tests="1" failures="0" timestamp="05 Mar 2020 06:51:36 GMT" time="17.626" errors="0">
  <testcase name="validLoginTest" time="17.626" classname="com.training.sanity.tests.LoginTests"/>
</testsuite> <!-- com.training.sanity.tests.LoginTests -->
