<?xml version="1.0" encoding="UTF-8"?>
<!-- Generated by org.testng.reporters.JUnitReportReporter -->
<testsuite skipped="0" hostname="srigedda" name="com.training.sanity.tests.LoginTests" tests="1" failures="0" timestamp="04 Mar 2020 06:53:43 GMT" time="17.837" errors="0">
  <testcase name="validLoginTest" time="17.837" classname="com.training.sanity.tests.LoginTests"/>
</testsuite> <!-- com.training.sanity.tests.LoginTests -->
