<?xml version="1.0" encoding="UTF-8"?>
<!-- Generated by org.testng.reporters.JUnitReportReporter -->
<testsuite skipped="0" hostname="srigedda" name="com.training.sanity.tests.PasswordChange" tests="1" failures="0" timestamp="05 Mar 2020 06:51:36 GMT" time="27.553" errors="0">
  <testcase name="passwordchange" time="27.553" classname="com.training.sanity.tests.PasswordChange"/>
</testsuite> <!-- com.training.sanity.tests.PasswordChange -->
